# JRE version: OpenJDK Runtime Environment (8.0_242-b01) (build 1.8.0_242-release-1644-b01)
# Java VM: OpenJDK 64-Bit Server VM (25.242-b01 mixed mode windows-amd64 compressed oops)
Heap:
 PSYoungGen      total 430080K, used 402532K [0x00000000d5580000, 0x00000000f8700000, 0x0000000100000000)
  eden space 366080K, 92% used [0x00000000d5580000,0x00000000ea05d938,0x00000000ebb00000)
  from space 64000K, 99% used [0x00000000ec600000,0x00000000f043b8f0,0x00000000f0480000)
  to   space 104448K, 0% used [0x00000000f2100000,0x00000000f2100000,0x00000000f8700000)
 ParOldGen       total 330752K, used 120258K [0x0000000080000000, 0x0000000094300000, 0x00000000d5580000)
  object space 330752K, 36% used [0x0000000080000000,0x0000000087570b10,0x0000000094300000)
 Metaspace       used 101206K, capacity 109151K, committed 109272K, reserved 1144832K
  class space    used 12790K, capacity 14080K, committed 14080K, reserved 1048576K
GC Heap History (10 events):
Event: 5508.151 GC heap before
{Heap before GC invocations=47 (full 4):
 PSYoungGen      total 500736K, used 407917K [0x00000000d5580000, 0x00000000fa900000, 0x0000000100000000)
  eden space 394240K, 100% used [0x00000000d5580000,0x00000000ed680000,0x00000000ed680000)
  from space 106496K, 12% used [0x00000000f3f80000,0x00000000f4cdb748,0x00000000fa780000)
  to   space 107520K, 0% used [0x00000000ed680000,0x00000000ed680000,0x00000000f3f80000)
 ParOldGen       total 330752K, used 119538K [0x0000000080000000, 0x0000000094300000, 0x00000000d5580000)
  object space 330752K, 36% used [0x0000000080000000,0x00000000874bcb10,0x0000000094300000)
 Metaspace       used 100656K, capacity 108567K, committed 108760K, reserved 1144832K
  class space    used 12777K, capacity 14042K, committed 14080K, reserved 1048576K
Event: 5508.212 GC heap after
Heap after GC invocations=47 (full 4):
 PSYoungGen      total 501760K, used 53332K [0x00000000d5580000, 0x00000000fa980000, 0x0000000100000000)
  eden space 394240K, 0% used [0x00000000d5580000,0x00000000d5580000,0x00000000ed680000)
  from space 107520K, 49% used [0x00000000ed680000,0x00000000f0a95240,0x00000000f3f80000)
  to   space 103424K, 0% used [0x00000000f4480000,0x00000000f4480000,0x00000000fa980000)
 ParOldGen       total 330752K, used 119594K [0x0000000080000000, 0x0000000094300000, 0x00000000d5580000)
  object space 330752K, 36% used [0x0000000080000000,0x00000000874cab10,0x0000000094300000)
 Metaspace       used 100656K, capacity 108567K, committed 108760K, reserved 1144832K
  class space    used 12777K, capacity 14042K, committed 14080K, reserved 1048576K
}
Event: 5669.949 GC heap before
{Heap before GC invocations=48 (full 4):
 PSYoungGen      total 501760K, used 447572K [0x00000000d5580000, 0x00000000fa980000, 0x0000000100000000)
  eden space 394240K, 100% used [0x00000000d5580000,0x00000000ed680000,0x00000000ed680000)
  from space 107520K, 49% used [0x00000000ed680000,0x00000000f0a95240,0x00000000f3f80000)
  to   space 103424K, 0% used [0x00000000f4480000,0x00000000f4480000,0x00000000fa980000)
 ParOldGen       total 330752K, used 119594K [0x0000000080000000, 0x0000000094300000, 0x00000000d5580000)
  object space 330752K, 36% used [0x0000000080000000,0x00000000874cab10,0x0000000094300000)
 Metaspace       used 100779K, capacity 108759K, committed 109016K, reserved 1144832K
  class space    used 12777K, capacity 14042K, committed 14080K, reserved 1048576K
Event: 5669.965 GC heap after
Heap after GC invocations=48 (full 4):
 PSYoungGen      total 503808K, used 15002K [0x00000000d5580000, 0x00000000fa880000, 0x0000000100000000)
  eden space 401408K, 0% used [0x00000000d5580000,0x00000000d5580000,0x00000000edd80000)
  from space 102400K, 14% used [0x00000000f4480000,0x00000000f5326b68,0x00000000fa880000)
  to   space 103936K, 0% used [0x00000000edd80000,0x00000000edd80000,0x00000000f4300000)
 ParOldGen       total 330752K, used 120106K [0x0000000080000000, 0x0000000094300000, 0x00000000d5580000)
  object space 330752K, 36% used [0x0000000080000000,0x000000008754ab10,0x0000000094300000)
 Metaspace       used 100779K, capacity 108759K, committed 109016K, reserved 1144832K
  class space    used 12777K, capacity 14042K, committed 14080K, reserved 1048576K
}
Event: 13251.586 GC heap before
{Heap before GC invocations=49 (full 4):
 PSYoungGen      total 503808K, used 416410K [0x00000000d5580000, 0x00000000fa880000, 0x0000000100000000)
  eden space 401408K, 100% used [0x00000000d5580000,0x00000000edd80000,0x00000000edd80000)
  from space 102400K, 14% used [0x00000000f4480000,0x00000000f5326b68,0x00000000fa880000)
  to   space 103936K, 0% used [0x00000000edd80000,0x00000000edd80000,0x00000000f4300000)
 ParOldGen       total 330752K, used 120106K [0x0000000080000000, 0x0000000094300000, 0x00000000d5580000)
  object space 330752K, 36% used [0x0000000080000000,0x000000008754ab10,0x0000000094300000)
 Metaspace       used 100922K, capacity 108841K, committed 109016K, reserved 1144832K
  class space    used 12786K, capacity 14045K, committed 14080K, reserved 1048576K
Event: 13251.650 GC heap after
Heap after GC invocations=49 (full 4):
 PSYoungGen      total 412160K, used 22613K [0x00000000d5580000, 0x00000000f9880000, 0x0000000100000000)
  eden space 389120K, 0% used [0x00000000d5580000,0x00000000d5580000,0x00000000ed180000)
  from space 23040K, 98% used [0x00000000edd80000,0x00000000ef395448,0x00000000ef400000)
  to   space 101888K, 0% used [0x00000000f3500000,0x00000000f3500000,0x00000000f9880000)
 ParOldGen       total 330752K, used 120146K [0x0000000080000000, 0x0000000094300000, 0x00000000d5580000)
  object space 330752K, 36% used [0x0000000080000000,0x0000000087554b10,0x0000000094300000)
 Metaspace       used 100922K, capacity 108841K, committed 109016K, reserved 1144832K
  class space    used 12786K, capacity 14045K, committed 14080K, reserved 1048576K
}
Event: 13391.394 GC heap before
{Heap before GC invocations=50 (full 4):
 PSYoungGen      total 412160K, used 411733K [0x00000000d5580000, 0x00000000f9880000, 0x0000000100000000)
  eden space 389120K, 100% used [0x00000000d5580000,0x00000000ed180000,0x00000000ed180000)
  from space 23040K, 98% used [0x00000000edd80000,0x00000000ef395448,0x00000000ef400000)
  to   space 101888K, 0% used [0x00000000f3500000,0x00000000f3500000,0x00000000f9880000)
 ParOldGen       total 330752K, used 120146K [0x0000000080000000, 0x0000000094300000, 0x00000000d5580000)
  object space 330752K, 36% used [0x0000000080000000,0x0000000087554b10,0x0000000094300000)
 Metaspace       used 100947K, capacity 108877K, committed 109016K, reserved 1144832K
  class space    used 12787K, capacity 14077K, committed 14080K, reserved 1048576K
Event: 13391.431 GC heap after
Heap after GC invocations=50 (full 4):
 PSYoungGen      total 467456K, used 8966K [0x00000000d5580000, 0x00000000f8d00000, 0x0000000100000000)
  eden space 377344K, 0% used [0x00000000d5580000,0x00000000d5580000,0x00000000ec600000)
  from space 90112K, 9% used [0x00000000f3500000,0x00000000f3dc1b58,0x00000000f8d00000)
  to   space 101888K, 0% used [0x00000000ec600000,0x00000000ec600000,0x00000000f2980000)
 ParOldGen       total 330752K, used 120210K [0x0000000080000000, 0x0000000094300000, 0x00000000d5580000)
  object space 330752K, 36% used [0x0000000080000000,0x0000000087564b10,0x0000000094300000)
 Metaspace       used 100947K, capacity 108877K, committed 109016K, reserved 1144832K
  class space    used 12787K, capacity 14077K, committed 14080K, reserved 1048576K
}
Event: 13513.787 GC heap before
{Heap before GC invocations=51 (full 4):
 PSYoungGen      total 467456K, used 386262K [0x00000000d5580000, 0x00000000f8d00000, 0x0000000100000000)
  eden space 377344K, 99% used [0x00000000d5580000,0x00000000ec5f3ef0,0x00000000ec600000)
  from space 90112K, 9% used [0x00000000f3500000,0x00000000f3dc1b58,0x00000000f8d00000)
  to   space 101888K, 0% used [0x00000000ec600000,0x00000000ec600000,0x00000000f2980000)
 ParOldGen       total 330752K, used 120210K [0x0000000080000000, 0x0000000094300000, 0x00000000d5580000)
  object space 330752K, 36% used [0x0000000080000000,0x0000000087564b10,0x0000000094300000)
 Metaspace       used 101083K, capacity 109069K, committed 109272K, reserved 1144832K
  class space    used 12788K, capacity 14077K, committed 14080K, reserved 1048576K
Event: 13514.007 GC heap after
Heap after GC invocations=51 (full 4):
 PSYoungGen      total 430080K, used 63726K [0x00000000d5580000, 0x00000000f8700000, 0x0000000100000000)
  eden space 366080K, 0% used [0x00000000d5580000,0x00000000d5580000,0x00000000ebb00000)
  from space 64000K, 99% used [0x00000000ec600000,0x00000000f043b8f0,0x00000000f0480000)
  to   space 104448K, 0% used [0x00000000f2100000,0x00000000f2100000,0x00000000f8700000)
 ParOldGen       total 330752K, used 120258K [0x0000000080000000, 0x0000000094300000, 0x00000000d5580000)
  object space 330752K, 36% used [0x0000000080000000,0x0000000087570b10,0x0000000094300000)
 Metaspace       used 101083K, capacity 109069K, committed 109272K, reserved 1144832K
  class space    used 12788K, capacity 14077K, committed 14080K, reserved 1048576K
}

